<?xml version="1.0" encoding="UTF-8"?>
<!-- Generated by org.testng.reporters.JUnitXMLReporter -->
<testsuite ignored="0" hostname="IN-PG02A6JS" failures="1" tests="1" name="FlipkartFlight" time="2.676" errors="0" timestamp="2023-01-06T19:59:10 IST">
  <testcase classname="testcases.FlipkartFlightTest" name="flipkartFlight" time="1.117">
    <failure type="org.openqa.selenium.ElementClickInterceptedException" message="element click intercepted: Element &amp;lt;img loading=&amp;quot;lazy&amp;quot; class=&amp;quot;_396cs4&amp;quot; alt=&amp;quot;Travel&amp;quot; src=&amp;quot;https://rukminim1.flixcart.com/flap/128/128/image/71050627a56b4693.png?q=100&amp;quot;&amp;gt; is not clickable at point (758, 100). Other element would receive the click: &amp;lt;button class=&amp;quot;_2KpZ6l _1pzU-g _3AWRsL&amp;quot;&amp;gt;...&amp;lt;/button&amp;gt;
  (Session info: chrome=108.0.5359.125)
Build info: version: &amp;apos;4.3.0&amp;apos;, revision: &amp;apos;a4995e2c09*&amp;apos;
System info: host: &amp;apos;IN-PG02A6JS&amp;apos;, ip: &amp;apos;192.168.1.42&amp;apos;, os.name: &amp;apos;Windows 10&amp;apos;, os.arch: &amp;apos;amd64&amp;apos;, os.version: &amp;apos;10.0&amp;apos;, java.version: &amp;apos;11.0.1&amp;apos;
Driver info: org.openqa.selenium.chrome.ChromeDriver
Command: [5f32f341d1b42d2d248744f767f1986c, clickElement {id=097eced1-7d4c-4ae2-ac74-fbab9ab7e53d}]
Capabilities {acceptInsecureCerts: false, browserName: chrome, browserVersion: 108.0.5359.125, chrome: {chromedriverVersion: 108.0.5359.71 (1e0e3868ee06..., userDataDir: C:\Users\BHAVYA~1\AppData\L...}, goog:chromeOptions: {debuggerAddress: localhost:53030}, networkConnectionEnabled: false, pageLoadStrategy: normal, platformName: WINDOWS, proxy: Proxy(), se:cdp: ws://localhost:53030/devtoo..., se:cdpVersion: 108.0.5359.125, setWindowRect: true, strictFileInteractability: false, timeouts: {implicit: 0, pageLoad: 300000, script: 30000}, unhandledPromptBehavior: dismiss and notify, webauthn:extension:credBlob: true, webauthn:extension:largeBlob: true, webauthn:virtualAuthenticators: true}
Element: [[ChromeDriver: chrome on WINDOWS (5f32f341d1b42d2d248744f767f1986c)] -&amp;gt; xpath: //body/div[@id=&amp;apos;container&amp;apos;]/div[1]/div[2]/div[1]/div[1]/div[7]/a[1]/div[1]/div[1]/img[1]]
Session ID: 5f32f341d1b42d2d248744f767f1986c">
      <![CDATA[org.openqa.selenium.ElementClickInterceptedException: element click intercepted: Element <img loading="lazy" class="_396cs4" alt="Travel" src="https://rukminim1.flixcart.com/flap/128/128/image/71050627a56b4693.png?q=100"> is not clickable at point (758, 100). Other element would receive the click: <button class="_2KpZ6l _1pzU-g _3AWRsL">...</button>
  (Session info: chrome=108.0.5359.125)
Build info: version: '4.3.0', revision: 'a4995e2c09*'
System info: host: 'IN-PG02A6JS', ip: '192.168.1.42', os.name: 'Windows 10', os.arch: 'amd64', os.version: '10.0', java.version: '11.0.1'
Driver info: org.openqa.selenium.chrome.ChromeDriver
Command: [5f32f341d1b42d2d248744f767f1986c, clickElement {id=097eced1-7d4c-4ae2-ac74-fbab9ab7e53d}]
Capabilities {acceptInsecureCerts: false, browserName: chrome, browserVersion: 108.0.5359.125, chrome: {chromedriverVersion: 108.0.5359.71 (1e0e3868ee06..., userDataDir: C:\Users\BHAVYA~1\AppData\L...}, goog:chromeOptions: {debuggerAddress: localhost:53030}, networkConnectionEnabled: false, pageLoadStrategy: normal, platformName: WINDOWS, proxy: Proxy(), se:cdp: ws://localhost:53030/devtoo..., se:cdpVersion: 108.0.5359.125, setWindowRect: true, strictFileInteractability: false, timeouts: {implicit: 0, pageLoad: 300000, script: 30000}, unhandledPromptBehavior: dismiss and notify, webauthn:extension:credBlob: true, webauthn:extension:largeBlob: true, webauthn:virtualAuthenticators: true}
Element: [[ChromeDriver: chrome on WINDOWS (5f32f341d1b42d2d248744f767f1986c)] -> xpath: //body/div[@id='container']/div[1]/div[2]/div[1]/div[1]/div[7]/a[1]/div[1]/div[1]/img[1]]
Session ID: 5f32f341d1b42d2d248744f767f1986c
at org.openqa.selenium.remote.codec.w3c.W3CHttpResponseCodec.createException(W3CHttpResponseCodec.java:200)
at org.openqa.selenium.remote.codec.w3c.W3CHttpResponseCodec.decode(W3CHttpResponseCodec.java:133)
at org.openqa.selenium.remote.codec.w3c.W3CHttpResponseCodec.decode(W3CHttpResponseCodec.java:53)
at org.openqa.selenium.remote.HttpCommandExecutor.execute(HttpCommandExecutor.java:184)
at org.openqa.selenium.remote.service.DriverCommandExecutor.invokeExecute(DriverCommandExecutor.java:167)
at org.openqa.selenium.remote.service.DriverCommandExecutor.execute(DriverCommandExecutor.java:142)
at org.openqa.selenium.remote.RemoteWebDriver.execute(RemoteWebDriver.java:569)
at org.openqa.selenium.remote.RemoteWebElement.execute(RemoteWebElement.java:257)
at org.openqa.selenium.remote.RemoteWebElement.click(RemoteWebElement.java:78)
at testcases.FlipkartFlightTest.flipkartFlight(FlipkartFlightTest.java:15)
at java.base/java.util.ArrayList.forEach(ArrayList.java:1540)
... Removed 31 stack frames]]>
    </failure>
  </testcase> <!-- flipkartFlight -->
</testsuite> <!-- FlipkartFlight -->
